<?xml version="1.0" encoding="UTF-8"?>
<!-- Generated by org.testng.reporters.JUnitReportReporter -->
<testsuite skipped="0" hostname="DESKTOP-N3LRL61" name="Com.demo.pages.ew" tests="1" failures="0" timestamp="2023-09-15T13:22:41 IST" time="18.753" errors="0">
  <testcase name="main" time="18.753" classname="Com.demo.pages.ew"/>
  <system-out/>
</testsuite> <!-- Com.demo.pages.ew -->
