<?xml version="1.0" encoding="UTF-8"?>
<!-- Generated by org.testng.reporters.JUnitReportReporter -->
<testsuite skipped="0" hostname="DESKTOP-N3LRL61" name="Com.demo.test.DemoWebTest" tests="5" failures="0" timestamp="2023-09-15T15:10:51 IST" time="59.123" errors="0">
  <testcase name="regClass" time="11.728" classname="Com.demo.test.DemoWebTest"/>
  <system-out/>
  <testcase name="LogClass" time="10.236" classname="Com.demo.test.DemoWebTest"/>
  <system-out/>
  <testcase name="aadtcartclass" time="10.368" classname="Com.demo.test.DemoWebTest"/>
  <system-out/>
  <testcase name="AddressClass" time="12.869" classname="Com.demo.test.DemoWebTest"/>
  <system-out/>
  <testcase name="PaymentClass" time="13.922" classname="Com.demo.test.DemoWebTest"/>
  <system-out/>
</testsuite> <!-- Com.demo.test.DemoWebTest -->
