<?xml version="1.0" encoding="UTF-8"?>
<!-- Generated by org.testng.reporters.JUnitReportReporter -->
<testsuite hostname="DESKTOP-N3LRL61" failures="0" tests="5" name="Com.demo.test.DemoWebTest" time="54.676" errors="0" timestamp="2023-09-15T15:32:11 IST" skipped="0">
  <testcase classname="Com.demo.test.DemoWebTest" name="regClass" time="10.443"/>
  <system-out/>
  <testcase classname="Com.demo.test.DemoWebTest" name="LogClass" time="7.232"/>
  <system-out/>
  <testcase classname="Com.demo.test.DemoWebTest" name="aadtcartclass" time="9.817"/>
  <system-out/>
  <testcase classname="Com.demo.test.DemoWebTest" name="AddressClass" time="12.620"/>
  <system-out/>
  <testcase classname="Com.demo.test.DemoWebTest" name="PaymentClass" time="14.564"/>
  <system-out/>
</testsuite> <!-- Com.demo.test.DemoWebTest -->
